0 info it worked if it ends with ok
1 verbose cli [ 'C:\\Program Files (x86)\\nodejs\\node.exe',
1 verbose cli   'C:\\Program Files (x86)\\nodejs\\node_modules\\npm\\bin\\npm-cli.js',
1 verbose cli   'publish' ]
2 info using npm@2.14.4
3 info using node@v4.1.2
4 verbose publish [ '.' ]
5 silly cache add args [ '.', null ]
6 verbose cache add spec .
7 silly cache add parsed spec Result {
7 silly cache add   raw: '.',
7 silly cache add   scope: null,
7 silly cache add   name: null,
7 silly cache add   rawSpec: '.',
7 silly cache add   spec: 'C:\\Users\\Dominic\\jsl',
7 silly cache add   type: 'directory' }
8 verbose addLocalDirectory C:\Users\Dominic\AppData\Roaming\npm-cache\starwar-names\1.0.0\package.tgz not in flight; packing
9 verbose tar pack [ 'C:\\Users\\Dominic\\AppData\\Roaming\\npm-cache\\starwar-names\\1.0.0\\package.tgz',
9 verbose tar pack   'C:\\Users\\Dominic\\jsl' ]
10 verbose tarball C:\Users\Dominic\AppData\Roaming\npm-cache\starwar-names\1.0.0\package.tgz
11 verbose folder C:\Users\Dominic\jsl
12 info prepublish starwar-names@1.0.0
13 verbose addLocalTarball adding from inside cache C:\Users\Dominic\AppData\Roaming\npm-cache\starwar-names\1.0.0\package.tgz
14 silly cache afterAdd starwar-names@1.0.0
15 verbose afterAdd C:\Users\Dominic\AppData\Roaming\npm-cache\starwar-names\1.0.0\package\package.json not in flight; writing
16 verbose afterAdd C:\Users\Dominic\AppData\Roaming\npm-cache\starwar-names\1.0.0\package\package.json written
17 silly publish { name: 'starwar-names',
17 silly publish   version: '1.0.0',
17 silly publish   description: 'Get random Star Wars names',
17 silly publish   main: 'src/index.js',
17 silly publish   scripts: { test: 'echo "Error: no test specified" && exit 1' },
17 silly publish   repository:
17 silly publish    { type: 'git',
17 silly publish      url: 'git+https://github.com/morandj/starwar-names.git' },
17 silly publish   keywords: [ 'random', 'star', 'wars' ],
17 silly publish   author:
17 silly publish    { name: 'Dominic J. Moran',
17 silly publish      email: 'dominic.moran@gmail.com',
17 silly publish      url: 'http://www.dominicmoran.com/' },
17 silly publish   license: 'MIT',
17 silly publish   bugs: { url: 'https://github.com/morandj/starwar-names/issues' },
17 silly publish   homepage: 'https://github.com/morandj/starwar-names#readme',
17 silly publish   dependencies: { 'unique-random-array': '1.0.0' },
17 silly publish   readme: '# starwar-names \r\n',
17 silly publish   readmeFilename: 'README.md',
17 silly publish   gitHead: '2a35ef279ddc628441e61af60428bc97e51d9ee6',
17 silly publish   _id: 'starwar-names@1.0.0',
17 silly publish   _shasum: 'c198b3c6464fbaecf9bc0e9460ffedf3a1956f38',
17 silly publish   _from: '.' }
18 verbose getPublishConfig undefined
19 silly mapToRegistry name starwar-names
20 silly mapToRegistry using default registry
21 silly mapToRegistry registry http://registry.npmjs.org/
22 silly mapToRegistry uri http://registry.npmjs.org/starwar-names
23 verbose publish registryBase http://registry.npmjs.org/
24 silly publish uploading C:\Users\Dominic\AppData\Roaming\npm-cache\starwar-names\1.0.0\package.tgz
25 verbose request uri http://registry.npmjs.org/starwar-names
26 verbose request sending authorization for write operation
27 info attempt registry request try #1 at 4:44:40 PM
28 verbose request using bearer token for auth
29 verbose request id b6217d67f4aae12b
30 http request PUT http://registry.npmjs.org/starwar-names
31 http 403 http://registry.npmjs.org/starwar-names
32 verbose headers { 'content-type': 'application/json',
32 verbose headers   'cache-control': 'max-age=60',
32 verbose headers   'content-length': '95',
32 verbose headers   'accept-ranges': 'bytes',
32 verbose headers   date: 'Thu, 10 Dec 2015 16:44:39 GMT',
32 verbose headers   via: '1.1 varnish',
32 verbose headers   connection: 'keep-alive',
32 verbose headers   'x-served-by': 'cache-ams4147-AMS',
32 verbose headers   'x-cache': 'MISS',
32 verbose headers   'x-cache-hits': '0',
32 verbose headers   'x-timer': 'S1449765878.248470,VS0,VE887' }
33 verbose request invalidating C:\Users\Dominic\AppData\Roaming\npm-cache\registry.npmjs.org\starwar-names on PUT
34 error publish Failed PUT 403
35 verbose stack Error: "You cannot publish over the previously published version 1.0.0." : starwar-names
35 verbose stack     at makeError (C:\Program Files (x86)\nodejs\node_modules\npm\node_modules\npm-registry-client\lib\request.js:263:12)
35 verbose stack     at CachingRegistryClient.<anonymous> (C:\Program Files (x86)\nodejs\node_modules\npm\node_modules\npm-registry-client\lib\request.js:251:14)
35 verbose stack     at Request._callback (C:\Program Files (x86)\nodejs\node_modules\npm\node_modules\npm-registry-client\lib\request.js:171:14)
35 verbose stack     at Request.self.callback (C:\Program Files (x86)\nodejs\node_modules\npm\node_modules\request\request.js:198:22)
35 verbose stack     at emitTwo (events.js:87:13)
35 verbose stack     at Request.emit (events.js:172:7)
35 verbose stack     at Request.<anonymous> (C:\Program Files (x86)\nodejs\node_modules\npm\node_modules\request\request.js:1073:14)
35 verbose stack     at emitOne (events.js:82:20)
35 verbose stack     at Request.emit (events.js:169:7)
35 verbose stack     at IncomingMessage.<anonymous> (C:\Program Files (x86)\nodejs\node_modules\npm\node_modules\request\request.js:1019:12)
36 verbose statusCode 403
37 verbose pkgid starwar-names
38 verbose cwd C:\Users\Dominic\jsl
39 error Windows_NT 6.1.7601
40 error argv "C:\\Program Files (x86)\\nodejs\\node.exe" "C:\\Program Files (x86)\\nodejs\\node_modules\\npm\\bin\\npm-cli.js" "publish"
41 error node v4.1.2
42 error npm  v2.14.4
43 error code E403
44 error "You cannot publish over the previously published version 1.0.0." : starwar-names
45 error If you need help, you may report this error at:
45 error     <https://github.com/npm/npm/issues>
46 verbose exit [ 1, true ]
